
systick.elf:     file format elf32-littlearm


Disassembly of section .text:

00000000 <vector_table>:
   0:	20001000 	andcs	r1, r0, r0
   4:	000001d1 	ldrdeq	r0, [r0], -r1
	...
  3c:	000001eb 	andeq	r0, r0, fp, ror #3
	...

000001d0 <reset_handler>:

    .section .text
    .align 1
    .type reset_handler, %function
reset_handler:
    MOV	    r5, #0x0
 1d0:	2500      	movs	r5, #0

    LDR	    r0, =systick_csr
 1d2:	4819      	ldr	r0, [pc, #100]	; (238 <main3+0x8>)
    LDR	    r1, =systick_rvr
 1d4:	4919      	ldr	r1, [pc, #100]	; (23c <main3+0xc>)
    LDR	    r2, =systick_cvr
 1d6:	4a1a      	ldr	r2, [pc, #104]	; (240 <main3+0x10>)
    LDR	    r3, =timeout
 1d8:	f06f 437f 	mvn.w	r3, #4278190080	; 0xff000000

    STR	    r3, [r1]        //store r3 value in the address present in r1  rvr->0x00FFFFFF
 1dc:	600b      	str	r3, [r1, #0]
    MOV	    r3, #0x0        //write 0x0 in r3 register
 1de:	2300      	movs	r3, #0
    STR	    r3, [r2]        //store r3 value in the address present in r1  cvr->0x0
 1e0:	6013      	str	r3, [r2, #0]
    MOV	    r3, #0x7        //write 0x7 in r3 register
 1e2:	2307      	movs	r3, #7
    STR	    r3, [r0]        //store r3 value in the address present in r1  csr->0x7
 1e4:	6003      	str	r3, [r0, #0]

    bl .
 1e6:	f7ff fffe 	bl	1e6 <reset_handler+0x16>

000001ea <systick_handler>:
    .align 1
    .type systick_handler, %function
systick_handler:
    //ADD	    r5, r5, #1

    push {r4-r7}
 1ea:	b4f0      	push	{r4, r5, r6, r7}

    MOV	    r0,r8
 1ec:	4640      	mov	r0, r8
    MOV	    r1,r9
 1ee:	4649      	mov	r1, r9
    MOV	    r2,r10
 1f0:	4652      	mov	r2, sl
    MOV	    r3,r11
 1f2:	465b      	mov	r3, fp

    push {r0-r3}
 1f4:	b40f      	push	{r0, r1, r2, r3}

000001f6 <magic>:

magic:
    pop {r0-r3}
 1f6:	bc0f      	pop	{r0, r1, r2, r3}

    MOV	    r8,r0
 1f8:	4680      	mov	r8, r0
    MOV	    r9,r1
 1fa:	4689      	mov	r9, r1
    MOV	    r10,r2
 1fc:	4692      	mov	sl, r2
    MOV	    r11,r3
 1fe:	469b      	mov	fp, r3

    pop {r4-r7}
 200:	bcf0      	pop	{r4, r5, r6, r7}

    bx lr
 202:	4770      	bx	lr
 204:	f3af 8000 	nop.w
 208:	f3af 8000 	nop.w
 20c:	f3af 8000 	nop.w

00000210 <main1>:
    .section .text
    .p2align 4
    .globl main1
    .type main1, %function
main1:
    NOP
 210:	46c0      	nop			; (mov r8, r8)
    ADD	    r0, r0, #1
 212:	3001      	adds	r0, #1
    b main1
 214:	e7fc      	b.n	210 <main1>
 216:	bf00      	nop
 218:	f3af 8000 	nop.w
 21c:	f3af 8000 	nop.w

00000220 <main2>:
    .section .text
    .p2align 4
    .globl main2
    .type main2, %function
main2:
    NOP
 220:	46c0      	nop			; (mov r8, r8)
    ADD	    r1, r1, #2
 222:	3102      	adds	r1, #2
    b main2
 224:	e7fc      	b.n	220 <main2>
 226:	bf00      	nop
 228:	f3af 8000 	nop.w
 22c:	f3af 8000 	nop.w

00000230 <main3>:
    .section .text
    .p2align 4
    .globl main3
    .type main3, %function
main3:
    NOP
 230:	46c0      	nop			; (mov r8, r8)
    ADD	    r2, r2, #3
 232:	3203      	adds	r2, #3
    b main3
 234:	e7fc      	b.n	230 <main3>
 236:	e0100000 	ands	r0, r0, r0
    LDR	    r0, =systick_csr
 23a:	e014e000 	ands	lr, r4, r0
    LDR	    r1, =systick_rvr
 23e:	e018e000 	ands	lr, r8, r0
    LDR	    r2, =systick_cvr
 242:	Address 0x0000000000000242 is out of bounds.


Disassembly of section .data:

20000000 <stack_1>:
20000000:	00000018 	andeq	r0, r0, r8, lsl r0
20000004:	00000019 	andeq	r0, r0, r9, lsl r0
20000008:	0000001a 	andeq	r0, r0, sl, lsl r0
2000000c:	0000001b 	andeq	r0, r0, fp, lsl r0
20000010:	00000014 	andeq	r0, r0, r4, lsl r0
20000014:	00000015 	andeq	r0, r0, r5, lsl r0
20000018:	00000016 	andeq	r0, r0, r6, lsl r0
2000001c:	00000017 	andeq	r0, r0, r7, lsl r0
20000020:	00000010 	andeq	r0, r0, r0, lsl r0
20000024:	00000011 	andeq	r0, r0, r1, lsl r0
20000028:	00000012 	andeq	r0, r0, r2, lsl r0
2000002c:	00000013 	andeq	r0, r0, r3, lsl r0
20000030:	0000001c 	andeq	r0, r0, ip, lsl r0
20000034:	00000309 	andeq	r0, r0, r9, lsl #6
20000038:	00000211 	andeq	r0, r0, r1, lsl r2
2000003c:	01000000 	mrseq	r0, (UNDEF: 0)
	...

20000080 <stack_2>:
20000080:	00000028 	andeq	r0, r0, r8, lsr #32
20000084:	00000029 	andeq	r0, r0, r9, lsr #32
20000088:	0000002a 	andeq	r0, r0, sl, lsr #32
2000008c:	0000002b 	andeq	r0, r0, fp, lsr #32
20000090:	00000024 	andeq	r0, r0, r4, lsr #32
20000094:	00000025 	andeq	r0, r0, r5, lsr #32
20000098:	00000026 	andeq	r0, r0, r6, lsr #32
2000009c:	00000027 	andeq	r0, r0, r7, lsr #32
200000a0:	00000020 	andeq	r0, r0, r0, lsr #32
200000a4:	00000021 	andeq	r0, r0, r1, lsr #32
200000a8:	00000022 	andeq	r0, r0, r2, lsr #32
200000ac:	00000023 	andeq	r0, r0, r3, lsr #32
200000b0:	0000002c 	andeq	r0, r0, ip, lsr #32
200000b4:	00000309 	andeq	r0, r0, r9, lsl #6
200000b8:	00000221 	andeq	r0, r0, r1, lsr #4
200000bc:	01000000 	mrseq	r0, (UNDEF: 0)
	...

20000100 <stack_3>:
20000100:	00000038 	andeq	r0, r0, r8, lsr r0
20000104:	00000039 	andeq	r0, r0, r9, lsr r0
20000108:	0000003a 	andeq	r0, r0, sl, lsr r0
2000010c:	0000003b 	andeq	r0, r0, fp, lsr r0
20000110:	00000034 	andeq	r0, r0, r4, lsr r0
20000114:	00000035 	andeq	r0, r0, r5, lsr r0
20000118:	00000036 	andeq	r0, r0, r6, lsr r0
2000011c:	00000037 	andeq	r0, r0, r7, lsr r0
20000120:	00000030 	andeq	r0, r0, r0, lsr r0
20000124:	00000031 	andeq	r0, r0, r1, lsr r0
20000128:	00000032 	andeq	r0, r0, r2, lsr r0
2000012c:	00000033 	andeq	r0, r0, r3, lsr r0
20000130:	0000003c 	andeq	r0, r0, ip, lsr r0
20000134:	00000309 	andeq	r0, r0, r9, lsl #6
20000138:	00000231 	andeq	r0, r0, r1, lsr r2
2000013c:	01000000 	mrseq	r0, (UNDEF: 0)

Disassembly of section .ARM.attributes:

00000000 <.ARM.attributes>:
   0:	00002041 	andeq	r2, r0, r1, asr #32
   4:	61656100 	cmnvs	r5, r0, lsl #2
   8:	01006962 	tsteq	r0, r2, ror #18
   c:	00000016 	andeq	r0, r0, r6, lsl r0
  10:	726f4305 	rsbvc	r4, pc, #335544320	; 0x14000000
  14:	2d786574 	cfldr64cs	mvdx6, [r8, #-464]!	; 0xfffffe30
  18:	0600334d 	streq	r3, [r0], -sp, asr #6
  1c:	094d070a 	stmdbeq	sp, {r1, r3, r8, r9, sl}^
  20:	Address 0x0000000000000020 is out of bounds.


Disassembly of section .debug_line:

00000000 <.debug_line>:
   0:	0000005d 	andeq	r0, r0, sp, asr r0
   4:	00200003 	eoreq	r0, r0, r3
   8:	01020000 	mrseq	r0, (UNDEF: 2)
   c:	000d0efb 	strdeq	r0, [sp], -fp
  10:	01010101 	tsteq	r1, r1, lsl #2
  14:	01000000 	mrseq	r0, (UNDEF: 0)
  18:	00010000 	andeq	r0, r1, r0
  1c:	74737973 	ldrbtvc	r7, [r3], #-2419	; 0xfffff68d
  20:	2e6b6369 	cdpcs	3, 6, cr6, cr11, cr9, {3}
  24:	00000053 	andeq	r0, r0, r3, asr r0
  28:	05000000 	streq	r0, [r0, #-0]
  2c:	0001d002 	andeq	sp, r1, r2
  30:	01170300 	tsteq	r7, r0, lsl #6
  34:	21212122 			; <UNDEFINED> instruction: 0x21212122
  38:	21212130 			; <UNDEFINED> instruction: 0x21212130
  3c:	09032221 	stmdbeq	r3, {r0, r5, r9, sp}
  40:	2121222e 			; <UNDEFINED> instruction: 0x2121222e
  44:	22232221 	eorcs	r2, r3, #268435458	; 0x10000002
  48:	22212121 	eorcs	r2, r1, #1073741832	; 0x40000008
  4c:	21217c22 			; <UNDEFINED> instruction: 0x21217c22
  50:	6d21216d 	stfvss	f2, [r1, #-436]!	; 0xfffffe4c
  54:	bd032121 	stflts	f2, [r3, #-132]	; 0xffffff7c
  58:	2f2f2e7f 	svccs	0x002f2e7f
  5c:	01000202 	tsteq	r0, r2, lsl #4
  60:	Address 0x0000000000000060 is out of bounds.


Disassembly of section .debug_info:

00000000 <.debug_info>:
   0:	00000022 	andeq	r0, r0, r2, lsr #32
   4:	00000002 	andeq	r0, r0, r2
   8:	01040000 	mrseq	r0, (UNDEF: 4)
   c:	00000000 	andeq	r0, r0, r0
  10:	000001d0 	ldrdeq	r0, [r0], -r0	; <UNPREDICTABLE>
  14:	00000244 	andeq	r0, r0, r4, asr #4
  18:	00000000 	andeq	r0, r0, r0
  1c:	0000000a 	andeq	r0, r0, sl
  20:	00000025 	andeq	r0, r0, r5, lsr #32
  24:	Address 0x0000000000000024 is out of bounds.


Disassembly of section .debug_abbrev:

00000000 <.debug_abbrev>:
   0:	10001101 	andne	r1, r0, r1, lsl #2
   4:	12011106 	andne	r1, r1, #-2147483647	; 0x80000001
   8:	1b0e0301 	blne	380c14 <main3+0x3809e4>
   c:	130e250e 	movwne	r2, #58638	; 0xe50e
  10:	00000005 	andeq	r0, r0, r5

Disassembly of section .debug_aranges:

00000000 <.debug_aranges>:
   0:	0000001c 	andeq	r0, r0, ip, lsl r0
   4:	00000002 	andeq	r0, r0, r2
   8:	00040000 	andeq	r0, r4, r0
   c:	00000000 	andeq	r0, r0, r0
  10:	000001d0 	ldrdeq	r0, [r0], -r0	; <UNPREDICTABLE>
  14:	00000074 	andeq	r0, r0, r4, ror r0
	...

Disassembly of section .debug_str:

00000000 <.debug_str>:
   0:	74737973 	ldrbtvc	r7, [r3], #-2419	; 0xfffff68d
   4:	2e6b6369 	cdpcs	3, 6, cr6, cr11, cr9, {3}
   8:	772f0053 			; <UNDEFINED> instruction: 0x772f0053
   c:	736b726f 	cmnvc	fp, #-268435450	; 0xf0000006
  10:	65636170 	strbvs	r6, [r3, #-368]!	; 0xfffffe90
  14:	72612f73 	rsbvc	r2, r1, #460	; 0x1cc
  18:	2d6d2d6d 	stclcs	13, cr2, [sp, #-436]!	; 0xfffffe4c
  1c:	65737361 	ldrbvs	r7, [r3, #-865]!	; 0xfffffc9f
  20:	796c626d 	stmdbvc	ip!, {r0, r2, r3, r5, r6, r9, sp, lr}^
  24:	554e4700 	strbpl	r4, [lr, #-1792]	; 0xfffff900
  28:	20534120 	subscs	r4, r3, r0, lsr #2
  2c:	38332e32 	ldmdacc	r3!, {r1, r4, r5, r9, sl, fp, sp}
	...
